Coverage Report Summary Data by file

=================================================================================
=== File: ../rtl/uart_baud_generator.v
=================================================================================
    Enabled Coverage            Active      Hits    Misses % Covered
    ----------------            ------      ----    ------ ---------
    Stmts                           14        12         2     85.71
    Branches                         6         5         1     83.33
    FEC Condition Terms              2         1         1     50.00
    Toggle Bins                     72        14        58     19.44

=================================================================================
=== File: ../rtl/uart_rx.v
=================================================================================
    Enabled Coverage            Active      Hits    Misses % Covered
    ----------------            ------      ----    ------ ---------
    Stmts                           38        35         3     92.10
    Branches                        21        20         1     95.23
    FEC Condition Terms              7         6         1     85.71
    FEC Expression Terms             6         6         0    100.00
    Toggle Bins                    120       118         2     98.33

=================================================================================
=== File: ../rtl/uart_top.v
=================================================================================
    Enabled Coverage            Active      Hits    Misses % Covered
    ----------------            ------      ----    ------ ---------
    Toggle Bins                     50        48         2     96.00

=================================================================================
=== File: ../rtl/uart_tx.v
=================================================================================
    Enabled Coverage            Active      Hits    Misses % Covered
    ----------------            ------      ----    ------ ---------
    Stmts                           29        29         0    100.00
    Branches                        17        17         0    100.00
    FEC Condition Terms              1         1         0    100.00
    FEC Expression Terms             1         1         0    100.00
    Toggle Bins                     82        81         1     98.78

=================================================================================
=== File: ../tb/uart_driver.sv
=================================================================================
    Enabled Coverage            Active      Hits    Misses % Covered
    ----------------            ------      ----    ------ ---------
    Stmts                           22        22         0    100.00

=================================================================================
=== File: ../tb/uart_env.sv
=================================================================================
    Enabled Coverage            Active      Hits    Misses % Covered
    ----------------            ------      ----    ------ ---------
    Stmts                           27        27         0    100.00

=================================================================================
=== File: ../tb/uart_generator.sv
=================================================================================
    Enabled Coverage            Active      Hits    Misses % Covered
    ----------------            ------      ----    ------ ---------
    Stmts                            6         6         0    100.00

=================================================================================
=== File: ../tb/uart_if.sv
=================================================================================
    Enabled Coverage            Active      Hits    Misses % Covered
    ----------------            ------      ----    ------ ---------
    Stmts                            4         4         0    100.00
    Toggle Bins                     44        43         1     97.72

=================================================================================
=== File: ../tb/uart_monitor.sv
=================================================================================
    Enabled Coverage            Active      Hits    Misses % Covered
    ----------------            ------      ----    ------ ---------
    Stmts                           17        17         0    100.00

=================================================================================
=== File: ../tb/uart_ref_model.sv
=================================================================================
    Enabled Coverage            Active      Hits    Misses % Covered
    ----------------            ------      ----    ------ ---------
    Stmts                           10        10         0    100.00

=================================================================================
=== File: ../tb/uart_scoreboard.sv
=================================================================================
    Enabled Coverage            Active      Hits    Misses % Covered
    ----------------            ------      ----    ------ ---------
    Stmts                           33        28         5     84.84
    Branches                         4         3         1     75.00
    FEC Condition Terms              3         1         2     33.33

=================================================================================
=== File: ../tb/uart_tb_top.sv
=================================================================================
    Enabled Coverage            Active      Hits    Misses % Covered
    ----------------            ------      ----    ------ ---------
    Stmts                           14        14         0    100.00
    Toggle Bins                      4         3         1     75.00

=================================================================================
=== File: ../tb/uart_test.sv
=================================================================================
    Enabled Coverage            Active      Hits    Misses % Covered
    ----------------            ------      ----    ------ ---------
    Stmts                            3         3         0    100.00

=================================================================================
=== File: ../tb/uart_txn.sv
=================================================================================
    Enabled Coverage            Active      Hits    Misses % Covered
    ----------------            ------      ----    ------ ---------
    Stmts                            7         7         0    100.00


TOTAL COVERGROUP COVERAGE: 100.00%  COVERGROUP TYPES: 1

TOTAL ASSERTION COVERAGE: 100.00%  ASSERTIONS: 1

Total Coverage By File (code coverage only, filtered view): 88.20%

